This is pdfTeX, Version 3.1415926-2.4-1.40.13 (TeX Live 2012/Debian) (format=latex 2013.9.7)  11 SEP 2013 20:53
entering extended mode
 restricted \write18 enabled.
 %&-line parsing enabled.
**atuador.tex
(./atuador.tex
LaTeX2e <2011/06/27>
Babel <v3.8m> and hyphenation patterns for english, dumylang, nohyphenation, lo
aded.

(/usr/share/texlive/texmf-dist/tex/latex/base/article.cls
Document Class: article 2007/10/19 v1.4h Standard LaTeX document class
(/usr/share/texlive/texmf-dist/tex/latex/base/size11.clo
File: size11.clo 2007/10/19 v1.4h Standard LaTeX file (size option)
)
\c@part=\count79
\c@section=\count80
\c@subsection=\count81
\c@subsubsection=\count82
\c@paragraph=\count83
\c@subparagraph=\count84
\c@figure=\count85
\c@table=\count86
\abovecaptionskip=\skip41
\belowcaptionskip=\skip42
\bibindent=\dimen102
)
No file atuador.aux.
\openout1 = `atuador.aux'.

LaTeX Font Info:    Checking defaults for OML/cmm/m/it on input line 9.
LaTeX Font Info:    ... okay on input line 9.
LaTeX Font Info:    Checking defaults for T1/cmr/m/n on input line 9.
LaTeX Font Info:    ... okay on input line 9.
LaTeX Font Info:    Checking defaults for OT1/cmr/m/n on input line 9.
LaTeX Font Info:    ... okay on input line 9.
LaTeX Font Info:    Checking defaults for OMS/cmsy/m/n on input line 9.
LaTeX Font Info:    ... okay on input line 9.
LaTeX Font Info:    Checking defaults for OMX/cmex/m/n on input line 9.
LaTeX Font Info:    ... okay on input line 9.
LaTeX Font Info:    Checking defaults for U/cmr/m/n on input line 9.
LaTeX Font Info:    ... okay on input line 9.
LaTeX Font Info:    External font `cmex10' loaded for size
(Font)              <12> on input line 11.
LaTeX Font Info:    External font `cmex10' loaded for size
(Font)              <8> on input line 11.
LaTeX Font Info:    External font `cmex10' loaded for size
(Font)              <6> on input line 11.

Underfull \hbox (badness 10000) in paragraph at lines 32--33

 []

LaTeX Font Info:    External font `cmex10' loaded for size
(Font)              <10.95> on input line 34.

Underfull \hbox (badness 10000) in paragraph at lines 34--37

 []


Underfull \hbox (badness 10000) in paragraph at lines 38--39

 []


Underfull \hbox (badness 10000) in paragraph at lines 40--43

 []


Underfull \hbox (badness 10000) in paragraph at lines 48--52

 []

[1

]
Underfull \hbox (badness 10000) in paragraph at lines 53--56

 []


Underfull \hbox (badness 10000) in paragraph at lines 57--61

 []


Underfull \hbox (badness 10000) in paragraph at lines 62--66

 []

[2] (./atuador.aux) ) 
Here is how much of TeX's memory you used:
 242 strings out of 495060
 2603 string characters out of 3182054
 49144 words of memory out of 3000000
 3501 multiletter control sequences out of 15000+200000
 9370 words of font info for 33 fonts, out of 3000000 for 9000
 14 hyphenation exceptions out of 8191
 21i,9n,19p,376b,185s stack positions out of 5000i,500n,10000p,200000b,50000s

Output written on atuador.dvi (2 pages, 2832 bytes).
